<?xml version="1.0" encoding="UTF-8"?>
<testng-results ignored="0" total="1" passed="1" failed="0" skipped="0">
  <reporter-output>
  </reporter-output>
  <suite started-at="2022-10-22T13:56:50 IST" name="Surefire suite" finished-at="2022-10-22T13:57:11 IST" duration-ms="21292">
    <groups>
    </groups>
    <test started-at="2022-10-22T13:56:50 IST" name="Surefire test" finished-at="2022-10-22T13:57:11 IST" duration-ms="21292">
      <class name="Demo.Test1">
        <test-method is-config="true" signature="setUp()[pri:0, instance:Demo.Test1@56528192]" started-at="2022-10-22T13:56:50 IST" name="setUp" finished-at="2022-10-22T13:56:54 IST" duration-ms="3960" status="PASS">
          <reporter-output>
          </reporter-output>
        </test-method> <!-- setUp -->
        <test-method signature="test1()[pri:0, instance:Demo.Test1@56528192]" started-at="2022-10-22T13:56:54 IST" name="test1" finished-at="2022-10-22T13:57:10 IST" duration-ms="16561" status="PASS">
          <reporter-output>
          </reporter-output>
        </test-method> <!-- test1 -->
        <test-method is-config="true" signature="tearDown()[pri:0, instance:Demo.Test1@56528192]" started-at="2022-10-22T13:57:10 IST" name="tearDown" finished-at="2022-10-22T13:57:11 IST" duration-ms="683" status="PASS">
          <reporter-output>
          </reporter-output>
        </test-method> <!-- tearDown -->
      </class> <!-- Demo.Test1 -->
    </test> <!-- Surefire test -->
  </suite> <!-- Surefire suite -->
</testng-results>
