<?xml version="1.0" encoding="UTF-8"?>
<testng-results ignored="0" total="1" passed="1" failed="0" skipped="0">
  <reporter-output>
  </reporter-output>
  <suite started-at="2022-10-22T13:55:37 IST" name="Default suite" finished-at="2022-10-22T13:56:00 IST" duration-ms="23278">
    <groups>
    </groups>
    <test started-at="2022-10-22T13:55:37 IST" name="Default test" finished-at="2022-10-22T13:56:00 IST" duration-ms="23278">
      <class name="Demo.Test1">
        <test-method is-config="true" signature="setUp()[pri:0, instance:Demo.Test1@750e2b97]" started-at="2022-10-22T13:55:37 IST" name="setUp" finished-at="2022-10-22T13:55:43 IST" duration-ms="5345" status="PASS">
          <reporter-output>
          </reporter-output>
        </test-method> <!-- setUp -->
        <test-method signature="test1()[pri:0, instance:Demo.Test1@750e2b97]" started-at="2022-10-22T13:55:43 IST" name="test1" finished-at="2022-10-22T13:55:58 IST" duration-ms="15236" status="PASS">
          <reporter-output>
          </reporter-output>
        </test-method> <!-- test1 -->
        <test-method is-config="true" signature="tearDown()[pri:0, instance:Demo.Test1@750e2b97]" started-at="2022-10-22T13:55:58 IST" name="tearDown" finished-at="2022-10-22T13:56:00 IST" duration-ms="2626" status="PASS">
          <reporter-output>
          </reporter-output>
        </test-method> <!-- tearDown -->
      </class> <!-- Demo.Test1 -->
    </test> <!-- Default test -->
  </suite> <!-- Default suite -->
</testng-results>
